<?xml version="1.0" encoding="UTF-8"?>
<!-- Generated by org.testng.reporters.JUnitXMLReporter -->
<testsuite ignored="1" hostname="LAPTOP-6HBRLCIJ" failures="0" tests="1" name="Default test" time="0.05" errors="0" timestamp="2023-10-13T14:59:44 IST">
  <testcase classname="mayurprac.StringTokenizerExample" name="tokenString" time="0.009"/>
  <testcase classname="mayurprac.StringTokenizerExample" name="token" time="0.0">
    <ignored/>
  </testcase> <!-- token -->
</testsuite> <!-- Default test -->
