<?xml version="1.0" encoding="UTF-8"?>
<!-- Generated by org.testng.reporters.JUnitXMLReporter -->
<testsuite ignored="2" hostname="LAPTOP-6HBRLCIJ" failures="0" tests="2" name="TestRunner=2" time="0.267" errors="0" timestamp="2023-09-19T23:18:26 IST">
  <testcase classname="com.osa.Create_Category_Module.Create_Category_Module_FromBaseClass" name="createCategory" time="0.0">
    <skipped/>
  </testcase> <!-- createCategory -->
  <testcase classname="com.osa.Manage_module.Manage_Insert_Subcategory_Category_FromBaseClass" name="main" time="0.0">
    <skipped/>
  </testcase> <!-- main -->
  <testcase classname="com.osa.genericUtils.BaseClass" name="@AfterSuite configAS" time="0.0">
    <ignored/>
  </testcase> <!-- @AfterSuite configAS -->
  <testcase classname="com.osa.genericUtils.BaseClass" name="@BeforeSuite configBS" time="0.0">
    <ignored/>
  </testcase> <!-- @BeforeSuite configBS -->
</testsuite> <!-- TestRunner=2 -->
