<?xml version="1.0" encoding="UTF-8"?>
<!-- Generated by org.testng.reporters.JUnitXMLReporter -->
<testsuite ignored="2" hostname="LAPTOP-6HBRLCIJ" failures="0" tests="2" name="TestRunner-2" time="35.128" errors="0" timestamp="2023-09-20T10:58:59 IST">
  <testcase classname="com.osa.Insert_Product_Module.Insert_Product_ModuleTest_FromBaseClass" name="main" time="3.679"/>
  <testcase classname="com.osa.Create_Category_Module.Create_Category_Module_FromBaseClass" name="createCategory" time="1.682"/>
  <testcase classname="com.osa.genericUtils.BaseClass" name="@BeforeSuite configBS" time="0.0">
    <ignored/>
  </testcase> <!-- @BeforeSuite configBS -->
  <testcase classname="com.osa.genericUtils.BaseClass" name="@AfterSuite configAS" time="0.0">
    <ignored/>
  </testcase> <!-- @AfterSuite configAS -->
</testsuite> <!-- TestRunner-2 -->
