<?xml version="1.0" encoding="UTF-8"?>
<testng-results ignored="0" total="1" passed="1" failed="0" skipped="0">
  <reporter-output>
  </reporter-output>
  <suite started-at="2023-10-13T14:59:44 IST" name="Default suite" finished-at="2023-10-13T14:59:44 IST" duration-ms="50">
    <groups>
    </groups>
    <test started-at="2023-10-13T14:59:44 IST" name="Default test" finished-at="2023-10-13T14:59:44 IST" duration-ms="50">
      <class name="mayurprac.StringTokenizerExample">
        <test-method signature="tokenString()[pri:0, instance:mayurprac.StringTokenizerExample@30c15d8b]" started-at="2023-10-13T14:59:44 IST" name="tokenString" finished-at="2023-10-13T14:59:44 IST" duration-ms="9" status="PASS">
          <reporter-output>
          </reporter-output>
        </test-method> <!-- tokenString -->
      </class> <!-- mayurprac.StringTokenizerExample -->
    </test> <!-- Default test -->
  </suite> <!-- Default suite -->
</testng-results>
